build/app/outputs/mapping/release/usage.txt
com.example.mobile_test_daniel_vofchuk.R$dimen
com.example.mobile_test_daniel_vofchuk.R$style
com.example.mobile_test_daniel_vofchuk.R$styleable
com.example.mobile_test_daniel_vofchuk.R$color
com.example.mobile_test_daniel_vofchuk.R$integer
com.example.mobile_test_daniel_vofchuk.R$mipmap
com.example.mobile_test_daniel_vofchuk.R$attr
com.example.mobile_test_daniel_vofchuk.R$drawable
com.example.mobile_test_daniel_vofchuk.BuildConfig
com.example.mobile_test_daniel_vofchuk.R$string
com.example.mobile_test_daniel_vofchuk.R
com.example.mobile_test_daniel_vofchuk.R$layout
com.example.mobile_test_daniel_vofchuk.R$id
...
io.flutter.plugin.common.PluginRegistry$Registrar
com.google.common.collect.CompactHashMap$EntrySetView
com.google.errorprone.annotations.Var
kotlin.ExceptionsKt__ExceptionsKt
kotlin.ranges.RangesKt___RangesKt
kotlin.WasExperimental
com.google.common.util.concurrent.ServiceManager$ServiceManagerState$StoppedGuard
com.google.common.collect.Iterators$2
androidx.core.text.PrecomputedTextCompat$Params$Builder
kotlin.collections.ArraysKt___ArraysKt$asIterable$$inlined$Iterable$5
androidx.annotation.DrawableRes
io.flutter.plugin.platform.PlatformViewRegistryImpl:
    public boolean registerViewFactory(java.lang.String,io.flutter.plugin.platform.PlatformViewFactory)
com.google.common.collect.Multimaps$CustomMultimap
kotlin.collections.ArraysKt
com.google.common.io.CharStreams$NullWriter
kotlin.comparisons.ComparisonsKt__ComparisonsKt$compareBy$1
kotlin.text.MatcherMatchResult$groupValues$1
com.google.common.collect.DescendingMultiset$1EntrySetImpl
com.google.common.base.SmallCharMatcher
kotlin.coroutines.CoroutineContext$Key
kotlin.collections.ArraysKt___ArraysJvmKt$asList$7
javax.annotation.Syntax
com.google.common.util.concurrent.GwtFuturesCatchingSpecialization:
    void <init>()
kotlin.reflect.KAnnotatedElement
com.google.common.collect.ArrayTable$Row
com.google.common.collect.HashBiMap$EntryForKey
com.google.common.collect.LinkedListMultimap$1KeySetImpl
kotlin.ranges.URangesKt___URangesKt
com.google.common.collect.Interners$InternerFunction
com.google.common.hash.Funnels$IntegerFunnel
com.google.common.graph.Traverser$GraphTraverser$DepthFirstIterator
kotlin.sequences.SequencesKt___SequencesKt$filterIndexed$1
com.google.common.util.concurrent.SmoothRateLimiter$1
com.google.common.util.concurrent.Callables$2
com.google.common.collect.Interner
com.google.common.io.BaseEncoding$Base16Encoding
javax.annotation.concurrent.GuardedBy
com.google.common.util.concurrent.FuturesGetChecked
androidx.lifecycle.MutableLiveData
io.flutter.view.FlutterRunArguments
com.google.common.reflect.MutableTypeToInstanceMap$UnmodifiableEntry$2
kotlin.jvm.JvmWildcard
androidx.core.content.res.FontResourcesParserCompat$FetchStrategy
com.google.common.collect.Synchronized$SynchronizedList
com.google.common.reflect.TypeCapture
com.google.common.collect.DenseImmutableTable$Row
kotlin.collections.AbstractList$IteratorImpl
androidx.core.view.GestureDetectorCompat$GestureDetectorCompatImpl
com.google.common.io.CharSource$CharSequenceCharSource$1
androidx.annotation.LongDef
kotlin.comparisons.NaturalOrderComparator
kotlin.collections.AbstractMutableList
androidx.core.app.ActivityRecreator$2
com.google.common.graph.ImmutableValueGraph$Builder
com.google.common.collect.ForwardingQueue
com.google.common.collect.ImmutableRangeSet$AsSet$1
com.google.common.graph.GraphConstants$Presence
com.google.common.cache.LocalCache$ManualSerializationProxy
kotlin.PreconditionsKt__AssertionsJVMKt
androidx.core.app.ServiceCompat
io.flutter.embedding.engine.dart.DartExecutor$DefaultBinaryMessenger:
    public void send(java.lang.String,java.nio.ByteBuffer)
kotlin.jvm.internal.ReflectionFactory
com.google.common.collect.MapMakerInternalMap$StrongKeyStrongValueEntry
com.google.common.collect.Multisets$2$1
com.google.common.collect.Sets$FilteredSet
com.google.common.util.concurrent.AbstractExecutionThreadService$1$1
androidx.activity.ComponentActivity$3:
    void <init>(androidx.activity.ComponentActivity)
androidx.loader.content.ModernAsyncTask$2
com.google.common.collect.AbstractMapBasedMultimap$AsMap$AsMapEntries
com.google.common.collect.TreeRangeMap$RangeMapEntry
io.flutter.view.FlutterView$FirstFrameListener
com.google.common.util.concurrent.DirectExecutor
kotlin.coroutines.experimental.migration.ExperimentalContinuationMigration
com.google.common.collect.ListMultimap
com.google.common.reflect.Types$JavaVersion$3
androidx.loader.content.ModernAsyncTask$WorkerRunnable
kotlin.io.FileTreeWalk$FileTreeWalkIterator$TopDownDirectoryState
androidx.core.content.FileProvider